  AOC_day_2.cpp
C:\Users\Domin\OneDrive\Dokumenty\Personal_Projects\Advent_of_code_2023\day_2\AOC_day_2\AOC_day_2.cpp(31,31): warning C4267: '=': conversion from 'size_t' to 'int', possible loss of data
C:\Users\Domin\OneDrive\Dokumenty\Personal_Projects\Advent_of_code_2023\day_2\AOC_day_2\AOC_day_2.cpp(35,5): warning C4267: 'initializing': conversion from 'size_t' to 'int', possible loss of data
C:\Users\Domin\OneDrive\Dokumenty\Personal_Projects\Advent_of_code_2023\day_2\AOC_day_2\AOC_day_2.cpp(37,31): warning C4267: '=': conversion from 'size_t' to 'int', possible loss of data
C:\Users\Domin\OneDrive\Dokumenty\Personal_Projects\Advent_of_code_2023\day_2\AOC_day_2\AOC_day_2.cpp(38,42): warning C4267: '=': conversion from 'size_t' to 'int', possible loss of data
C:\Users\Domin\OneDrive\Dokumenty\Personal_Projects\Advent_of_code_2023\day_2\AOC_day_2\AOC_day_2.cpp(42,43): warning C4267: 'argument': conversion from 'size_t' to '_Ty', possible loss of data
          with
          [
              _Ty=int
          ]
C:\Users\Domin\OneDrive\Dokumenty\Personal_Projects\Advent_of_code_2023\day_2\AOC_day_2\AOC_day_2.cpp(43,43): warning C4267: 'argument': conversion from 'size_t' to '_Ty', possible loss of data
          with
          [
              _Ty=int
          ]
C:\Users\Domin\OneDrive\Dokumenty\Personal_Projects\Advent_of_code_2023\day_2\AOC_day_2\AOC_day_2.cpp(44,39): warning C4267: 'argument': conversion from 'size_t' to '_Ty', possible loss of data
          with
          [
              _Ty=int
          ]
  AOC_day_2.vcxproj -> C:\Users\Domin\OneDrive\Dokumenty\Personal_Projects\Advent_of_code_2023\day_2\AOC_day_2\x64\Debug\AOC_day_2.exe
